<?xml version="1.0" encoding="UTF-8"?>
<testsuite name="com.app.mapstruct.mapper.SimpleSourceDestinationMapperIntegrationTest" tests="2" skipped="0" failures="0" errors="0" timestamp="2025-02-23T16:29:21" hostname="DESKTOP-52Q9KDF" time="1.503">
  <properties/>
  <testcase name="givenDestinationToSource_whenMaps_thenCorrect()" classname="com.app.mapstruct.mapper.SimpleSourceDestinationMapperIntegrationTest" time="1.491"/>
  <testcase name="givenSourceToDestination_whenMaps_thenCorrect()" classname="com.app.mapstruct.mapper.SimpleSourceDestinationMapperIntegrationTest" time="0.004"/>
  <system-out><![CDATA[]]></system-out>
  <system-err><![CDATA[]]></system-err>
</testsuite>
